{"/Users/sarveshbhatnagar/Development/eliph/packages/sqlite/src/workflow.ts": {"path":"/Users/sarveshbhatnagar/Development/eliph/packages/sqlite/src/workflow.ts","statementMap":{"0":{"start":{"line":5,"column":22},"end":{"line":5,"column":43}},"1":{"start":{"line":8,"column":16},"end":{"line":10,"column":48}},"2":{"start":{"line":11,"column":4},"end":{"line":11,"column":null}},"3":{"start":{"line":15,"column":17},"end":{"line":17,"column":34}},"4":{"start":{"line":18,"column":4},"end":{"line":18,"column":null}},"5":{"start":{"line":18,"column":25},"end":{"line":18,"column":31}},"6":{"start":{"line":22,"column":14},"end":{"line":22,"column":33}},"7":{"start":{"line":23,"column":17},"end":{"line":25,"column":55}},"8":{"start":{"line":26,"column":4},"end":{"line":28,"column":null}},"9":{"start":{"line":27,"column":19},"end":{"line":27,"column":94}},"10":{"start":{"line":28,"column":16},"end":{"line":28,"column":22}},"11":{"start":{"line":32,"column":16},"end":{"line":32,"column":40}},"12":{"start":{"line":33,"column":4},"end":{"line":42,"column":null}},"13":{"start":{"line":46,"column":4},"end":{"line":46,"column":null}},"14":{"start":{"line":4,"column":0},"end":{"line":4,"column":13}}},"fnMap":{"0":{"name":"(anonymous_0)","decl":{"start":{"line":5,"column":2},"end":{"line":5,"column":22}},"loc":{"start":{"line":5,"column":43},"end":{"line":5,"column":47}}},"1":{"name":"(anonymous_1)","decl":{"start":{"line":7,"column":2},"end":{"line":7,"column":7}},"loc":{"start":{"line":7,"column":24},"end":{"line":12,"column":3}}},"2":{"name":"(anonymous_2)","decl":{"start":{"line":14,"column":2},"end":{"line":14,"column":7}},"loc":{"start":{"line":14,"column":12},"end":{"line":19,"column":3}}},"3":{"name":"(anonymous_3)","decl":{"start":{"line":18,"column":20},"end":{"line":18,"column":21}},"loc":{"start":{"line":18,"column":25},"end":{"line":18,"column":31}}},"4":{"name":"(anonymous_4)","decl":{"start":{"line":21,"column":2},"end":{"line":21,"column":7}},"loc":{"start":{"line":21,"column":28},"end":{"line":29,"column":3}}},"5":{"name":"(anonymous_5)","decl":{"start":{"line":27,"column":14},"end":{"line":27,"column":15}},"loc":{"start":{"line":27,"column":19},"end":{"line":27,"column":94}}},"6":{"name":"(anonymous_6)","decl":{"start":{"line":28,"column":11},"end":{"line":28,"column":12}},"loc":{"start":{"line":28,"column":16},"end":{"line":28,"column":22}}},"7":{"name":"(anonymous_7)","decl":{"start":{"line":31,"column":2},"end":{"line":31,"column":7}},"loc":{"start":{"line":31,"column":33},"end":{"line":43,"column":3}}},"8":{"name":"(anonymous_8)","decl":{"start":{"line":45,"column":2},"end":{"line":45,"column":7}},"loc":{"start":{"line":45,"column":27},"end":{"line":47,"column":3}}}},"branchMap":{"0":{"loc":{"start":{"line":11,"column":11},"end":{"line":11,"column":63}},"type":"cond-expr","locations":[{"start":{"line":11,"column":18},"end":{"line":11,"column":56}},{"start":{"line":11,"column":59},"end":{"line":11,"column":63}}]},"1":{"loc":{"start":{"line":27,"column":19},"end":{"line":27,"column":94}},"type":"binary-expr","locations":[{"start":{"line":27,"column":19},"end":{"line":27,"column":51}},{"start":{"line":27,"column":55},"end":{"line":27,"column":94}}]}},"s":{"0":8,"1":5,"2":5,"3":1,"4":1,"5":2,"6":2,"7":2,"8":2,"9":3,"10":2,"11":11,"12":11,"13":1,"14":1},"f":{"0":8,"1":5,"2":1,"3":2,"4":2,"5":3,"6":2,"7":11,"8":1},"b":{"0":[3,2],"1":[3,2]}}
}
