TN:
SF:packages/sqlite/src/workflow.ts
FN:5,(anonymous_0)
FN:7,(anonymous_1)
FN:14,(anonymous_2)
FN:18,(anonymous_3)
FN:21,(anonymous_4)
FN:27,(anonymous_5)
FN:28,(anonymous_6)
FN:31,(anonymous_7)
FN:45,(anonymous_8)
FNF:9
FNH:9
FNDA:8,(anonymous_0)
FNDA:5,(anonymous_1)
FNDA:1,(anonymous_2)
FNDA:2,(anonymous_3)
FNDA:2,(anonymous_4)
FNDA:3,(anonymous_5)
FNDA:2,(anonymous_6)
FNDA:11,(anonymous_7)
FNDA:1,(anonymous_8)
DA:4,1
DA:5,8
DA:8,5
DA:11,5
DA:15,1
DA:18,2
DA:22,2
DA:23,2
DA:26,2
DA:27,3
DA:28,2
DA:32,11
DA:33,11
DA:46,1
LF:14
LH:14
BRDA:11,0,0,3
BRDA:11,0,1,2
BRDA:27,1,0,3
BRDA:27,1,1,2
BRF:4
BRH:4
end_of_record
